<?xml version="1.0" encoding="UTF-8"?>
<!-- Generated by org.testng.reporters.JUnitReportReporter -->
<testsuite hostname="DESKTOP-UQLK5NR" failures="0" tests="3" name="testPack.Calender_Textbox" time="79.792" errors="0" timestamp="2023-10-13T13:59:30 IST" skipped="0">
  <testcase classname="testPack.Calender_Textbox" name="Verify_Calender_Textbox" time="27.198"/>
  <testcase classname="testPack.Calender_Textbox" name="Verify_Calender_Textbox" time="16.402"/>
  <testcase classname="testPack.Calender_Textbox" name="Verify_Calender_Textbox" time="36.192"/>
</testsuite> <!-- testPack.Calender_Textbox -->
