<?xml version="1.0" encoding="UTF-8"?>
<!-- Generated by org.testng.reporters.JUnitReportReporter -->
<testsuite hostname="DESKTOP-UQLK5NR" failures="0" tests="6" name="testPack.From_and_to_textbox" time="62.798" errors="0" timestamp="2023-10-13T13:59:30 IST" skipped="0">
  <testcase classname="testPack.From_and_to_textbox" name="Verify_From_Side_Textbox" time="3.297"/>
  <testcase classname="testPack.From_and_to_textbox" name="Verify_From_Side_Textbox" time="23.957"/>
  <testcase classname="testPack.From_and_to_textbox" name="Verify_To_Side_Textbox" time="3.421"/>
  <testcase classname="testPack.From_and_to_textbox" name="Verify_From_Side_Textbox" time="24.607"/>
  <testcase classname="testPack.From_and_to_textbox" name="Verify_To_Side_Textbox" time="3.742"/>
  <testcase classname="testPack.From_and_to_textbox" name="Verify_To_Side_Textbox" time="3.774"/>
</testsuite> <!-- testPack.From_and_to_textbox -->
